\BOOKMARK [1][-]{Doc-Start}{\376\377\000P\000r\000\351\000a\000m\000b\000u\000l\000e}{}% 1
\BOOKMARK [1][-]{Doc-Start}{\376\377\000R\000e\000m\000e\000r\000c\000i\000e\000m\000e\000n\000t}{}% 2
\BOOKMARK [1][-]{Doc-Start}{\376\377\000I\000n\000t\000r\000o\000d\000u\000c\000t\000i\000o\000n}{}% 3
\BOOKMARK [1][-]{section.1}{\376\377\000P\000r\000o\000b\000l\000\351\000m\000a\000t\000i\000q\000u\000e\000\040\000e\000t\000\040\000C\000o\000n\000t\000e\000x\000t\000e\000\040\000d\000e\000\040\000l\000'\000\351\000t\000u\000d\000e}{}% 4
\BOOKMARK [1][-]{section.2}{\376\377\000P\000r\000\351\000s\000e\000n\000t\000a\000t\000i\000o\000n\000\040\000t\000h\000\351\000o\000r\000i\000q\000u\000e}{}% 5
\BOOKMARK [2][-]{subsection.2.1}{\376\377\000T\000e\000s\000t\000\040\000d\000e\000\040\000S\000t\000u\000d\000e\000n\000t}{section.2}% 6
\BOOKMARK [3][-]{subsubsection.2.1.1}{\376\377\000H\000y\000p\000o\000t\000h\000\350\000s\000e\000s\000\040\000d\000u\000\040\000t\000e\000s\000t\000\040\000d\000e\000\040\000S\000t\000u\000d\000e\000n\000t\000\040\000e\000t\000\040\000c\000o\000n\000d\000i\000t\000i\000o\000n\000s\000\040\000d\000'\000a\000p\000p\000l\000i\000c\000a\000t\000i\000o\000n}{subsection.2.1}% 7
\BOOKMARK [3][-]{subsubsection.2.1.2}{\376\377\000S\000t\000a\000t\000i\000s\000t\000i\000q\000u\000e\000\040\000d\000e\000\040\000d\000\351\000c\000i\000s\000i\000o\000n}{subsection.2.1}% 8
\BOOKMARK [3][-]{subsubsection.2.1.3}{\376\377\000T\000a\000i\000l\000l\000e\000\040\000d\000'\000e\000f\000f\000e\000t}{subsection.2.1}% 9
\BOOKMARK [2][-]{subsection.2.2}{\376\377\000A\000n\000a\000l\000y\000s\000e\000\040\000d\000e\000\040\000v\000a\000r\000i\000a\000n\000c\000e\000\040\000\340\000\040\0002\000\040\000f\000a\000c\000t\000e\000u\000r\000s}{section.2}% 10
\BOOKMARK [3][-]{subsubsection.2.2.1}{\376\377\000M\000o\000d\000\350\000l\000e\000\040\000d\000'\000a\000n\000a\000l\000y\000s\000e\000\040\000d\000e\000\040\000v\000a\000r\000i\000a\000n\000c\000e\000\040\000\050\000A\000N\000O\000V\000A\000\040\000\340\000\040\000d\000e\000u\000x\000\040\000f\000a\000c\000t\000e\000u\000r\000s\000\051}{subsection.2.2}% 11
\BOOKMARK [3][-]{subsubsection.2.2.2}{\376\377\000C\000o\000n\000d\000i\000t\000i\000o\000n\000s\000\040\000d\000'\000a\000p\000p\000l\000i\000c\000a\000t\000i\000o\000n}{subsection.2.2}% 12
\BOOKMARK [3][-]{subsubsection.2.2.3}{\376\377\000T\000e\000s\000t\000\040\000d\000e\000\040\000l\000'\000i\000n\000t\000e\000r\000a\000c\000t\000i\000o\000n\000\040\000e\000t\000\040\000d\000e\000\040\000s\000i\000g\000n\000i\000f\000i\000c\000a\000t\000i\000v\000i\000t\000\351\000\040\000d\000e\000s\000\040\000e\000f\000f\000e\000t\000s\000\040\000d\000e\000\040\000f\000a\000c\000t\000e\000u\000r}{subsection.2.2}% 13
\BOOKMARK [3][-]{subsubsection.2.2.4}{\376\377\000T\000e\000s\000t\000\040\000d\000e\000\040\000c\000o\000m\000p\000a\000r\000a\000i\000s\000o\000n\000\040\000m\000u\000l\000t\000i\000p\000l\000e}{subsection.2.2}% 14
\BOOKMARK [3][-]{subsubsection.2.2.5}{\376\377\000T\000a\000i\000l\000l\000e\000\040\000d\000'\000e\000f\000f\000e\000t}{subsection.2.2}% 15
\BOOKMARK [1][-]{section.3}{\376\377\000R\000\351\000s\000u\000l\000t\000a\000t\000s\000\040\000e\000t\000\040\000D\000i\000s\000c\000u\000s\000s\000i\000o\000n}{}% 16
\BOOKMARK [2][-]{subsection.3.1}{\376\377\000A\000n\000a\000l\000y\000s\000e\000\040\000d\000e\000s\000c\000r\000i\000p\000t\000i\000v\000e}{section.3}% 17
\BOOKMARK [2][-]{subsection.3.2}{\376\377\000M\000o\000d\000\350\000l\000e\000s\000\040\000d\000'\000A\000N\000O\000V\000A}{section.3}% 18
\BOOKMARK [3][-]{subsubsection.3.2.1}{\376\377\000E\000x\000a\000m\000e\000n\000\040\000d\000e\000\040\000l\000'\000\351\000c\000a\000r\000t\000\040\000d\000e\000\040\000M\000V\000P\000A\000\040\000e\000n\000t\000r\000e\000\040\000F\000i\000l\000l\000e\000s\000\040\000e\000t\000\040\000G\000a\000r\000\347\000o\000n\000s}{subsection.3.2}% 19
\BOOKMARK [3][-]{subsubsection.3.2.2}{\376\377\000E\000x\000a\000m\000e\000n\000\040\000d\000e\000\040\000l\000'\000\351\000c\000a\000r\000t\000\040\000d\000e\000\040\000M\000V\000P\000A\000\040\000e\000n\000t\000r\000e\000\040\000F\000i\000l\000l\000e\000s\000\040\000e\000t\000\040\000G\000a\000r\000\347\000o\000n\000s\000\040\000s\000e\000l\000o\000n\000\040\000l\000e\000\040\000C\000A}{subsection.3.2}% 20
\BOOKMARK [3][-]{subsubsection.3.2.3}{\376\377\000E\000x\000a\000m\000e\000n\000\040\000d\000e\000\040\000l\000'\000\351\000c\000a\000r\000t\000\040\000d\000e\000\040\000M\000V\000P\000A\000\040\000e\000n\000t\000r\000e\000\040\000F\000i\000l\000l\000e\000s\000\040\000e\000t\000\040\000G\000a\000r\000\347\000o\000n\000s\000\040\000s\000e\000l\000o\000n\000\040\000l\000a\000\040\000c\000a\000t\000\351\000g\000o\000r\000i\000e\000\040\000I\000P\000S}{subsection.3.2}% 21
\BOOKMARK [3][-]{subsubsection.3.2.4}{\376\377\000E\000x\000a\000m\000e\000n\000\040\000d\000e\000\040\000l\000'\000\351\000c\000a\000r\000t\000\040\000d\000e\000\040\000M\000V\000P\000A\000\040\000e\000n\000t\000r\000e\000\040\000F\000i\000l\000l\000e\000s\000\040\000e\000t\000\040\000G\000a\000r\000\347\000o\000n\000s\000\040\000s\000e\000l\000o\000n\000\040\000l\000e\000\040\000m\000i\000l\000i\000e\000u\000\040\000g\000\351\000o\000g\000r\000a\000p\000h\000i\000q\000u\000e}{subsection.3.2}% 22
\BOOKMARK [2][-]{subsection.3.3}{\376\377\000D\000i\000s\000c\000u\000s\000s\000i\000o\000n\000\040\000s\000u\000r\000\040\000l\000e\000s\000\040\000l\000i\000m\000i\000t\000e\000s\000\040\000d\000e\000s\000\040\000r\000\351\000s\000u\000l\000t\000a\000t\000s}{section.3}% 23
\BOOKMARK [1][-]{subsection.3.3}{\376\377\000C\000o\000n\000c\000l\000u\000s\000i\000o\000n}{}% 24
\BOOKMARK [1][-]{subsection.3.3}{\376\377\000A\000n\000n\000e\000x\000e}{}% 25
